2024-11-17 20:53:32,683 - database - INFO - Database engine created successfully
2024-11-17 20:53:46,524 - database - INFO - Database engine created successfully
2024-11-17 20:53:59,264 - database - INFO - Database engine created successfully
2024-11-17 20:54:24,946 - main - INFO - Starting file processing - Payment: Payment Report Sheet - Hiring - Sheet1.csv, MTR: Merchant Tax Report (MTR) Sheet - Hiring.xlsx
2024-11-17 20:54:24,965 - main - INFO - Payment report loaded successfully: 2904 rows
2024-11-17 20:54:25,306 - main - INFO - MTR report loaded successfully: 5837 rows
2024-11-17 20:54:25,306 - main - INFO - Starting report transformations
2024-11-17 20:54:25,306 - main - INFO - Starting payment report processing
2024-11-17 20:54:25,307 - main - INFO - Initial payment data shape: (2904, 5)
2024-11-17 20:54:25,307 - main - INFO - Starting string value cleaning
2024-11-17 20:54:25,311 - main - INFO - String cleaning completed. DataFrame shape maintained: True
2024-11-17 20:54:25,311 - main - INFO - Found matching column: type
2024-11-17 20:54:25,311 - main - INFO - Found matching column: description
2024-11-17 20:54:25,311 - main - INFO - Found required columns - Type: type, Description: description
2024-11-17 20:54:25,312 - main - INFO - Removed 8 transfer rows
2024-11-17 20:54:25,318 - main - INFO - Converted 0 refund entries to Return
2024-11-17 20:54:25,320 - main - INFO - Added Transaction Type column
2024-11-17 20:54:25,320 - main - INFO - Payment report processing completed. Final shape: (2896, 6)
2024-11-17 20:54:25,320 - main - INFO - Starting MTR report processing
2024-11-17 20:54:25,320 - main - INFO - Initial MTR data shape: (5837, 8)
2024-11-17 20:54:25,321 - main - INFO - Removed 533 Cancel transactions
2024-11-17 20:54:25,323 - main - INFO - Transaction type changes:
2024-11-17 20:54:25,323 - main - INFO - Converted 729 Refund entries to Return
2024-11-17 20:54:25,323 - main - INFO - Converted 91 FreeReplacement entries to Return
2024-11-17 20:54:25,323 - main - INFO - MTR report processing completed. Final shape: (5304, 8)
2024-11-17 20:54:25,328 - main - INFO - Payment report saved successfully at: output/transformed_payment_report.csv
2024-11-17 20:54:25,780 - main - INFO - MTR report saved successfully at: output/transformed_mtr_report.xlsx
2024-11-17 20:54:25,780 - main - INFO - Starting exemplar report creation
2024-11-17 20:54:25,780 - main - INFO - Input shapes - MTR: (5304, 8), Payment: (2896, 6)
2024-11-17 20:54:25,784 - main - INFO - Initial exemplar DataFrame shape: (8200, 8)
2024-11-17 20:54:25,786 - main - INFO - Final exemplar report shape with gaps: (8201, 16)
2024-11-17 20:54:26,703 - main - INFO - Exemplar report saved successfully at: output/exemplar_report.xlsx
2024-11-17 20:54:26,704 - main - INFO - Exemplar report created and saved successfully
2024-11-17 20:54:26,704 - database - INFO - Reading exemplar report from: output/exemplar_report.xlsx
2024-11-17 20:54:27,131 - database - INFO - Processed 8200 rows from exemplar report
2024-11-17 20:54:28,109 - database - INFO - Committed batch of 5300 records
2024-11-17 20:54:28,143 - database - ERROR - Error inserting row: could not convert string to float: '-1,148.24'
2024-11-17 20:54:28,154 - database - INFO - Committed batch of 5400 records
2024-11-17 20:54:28,157 - database - ERROR - Error inserting row: could not convert string to float: '-2,680.59'
2024-11-17 20:54:28,159 - database - ERROR - Error inserting row: could not convert string to float: '1,007.68'
2024-11-17 20:54:28,159 - database - ERROR - Error inserting row: could not convert string to float: '-1,026.56'
2024-11-17 20:54:28,160 - database - ERROR - Error inserting row: could not convert string to float: '-1,191.70'
2024-11-17 20:54:28,160 - database - ERROR - Error inserting row: could not convert string to float: '-1,830.07'
2024-11-17 20:54:28,161 - database - ERROR - Error inserting row: could not convert string to float: '-2,449.01'
2024-11-17 20:54:28,161 - database - ERROR - Error inserting row: could not convert string to float: '-1,273.61'
2024-11-17 20:54:28,163 - database - ERROR - Error inserting row: could not convert string to float: '-1,087.16'
2024-11-17 20:54:28,165 - database - ERROR - Error inserting row: could not convert string to float: '1,190.70'
2024-11-17 20:54:28,166 - database - ERROR - Error inserting row: could not convert string to float: '-1,483.40'
2024-11-17 20:54:28,166 - database - ERROR - Error inserting row: could not convert string to float: '-1,231.36'
2024-11-17 20:54:28,167 - database - ERROR - Error inserting row: could not convert string to float: '-1,484.36'
2024-11-17 20:54:28,167 - database - ERROR - Error inserting row: could not convert string to float: '-1,813.27'
2024-11-17 20:54:28,167 - database - ERROR - Error inserting row: could not convert string to float: '-1,231.36'
2024-11-17 20:54:28,169 - database - ERROR - Error inserting row: could not convert string to float: '1,190.70'
2024-11-17 20:54:28,170 - database - ERROR - Error inserting row: could not convert string to float: '-2,820.86'
2024-11-17 20:54:28,170 - database - ERROR - Error inserting row: could not convert string to float: '1,008.78'
2024-11-17 20:54:28,171 - database - ERROR - Error inserting row: could not convert string to float: '-1,026.56'
2024-11-17 20:54:28,171 - database - ERROR - Error inserting row: could not convert string to float: '1,070.42'
2024-11-17 20:54:28,174 - database - ERROR - Error inserting row: could not convert string to float: '2,505.12'
2024-11-17 20:54:28,175 - database - ERROR - Error inserting row: could not convert string to float: '-2,971.02'
2024-11-17 20:54:28,175 - database - ERROR - Error inserting row: could not convert string to float: '-1,259.27'
2024-11-17 20:54:28,177 - database - ERROR - Error inserting row: could not convert string to float: '-2,646.20'
2024-11-17 20:54:28,178 - database - ERROR - Error inserting row: could not convert string to float: '1,070.42'
2024-11-17 20:54:28,180 - database - ERROR - Error inserting row: could not convert string to float: '-2,718.22'
2024-11-17 20:54:28,184 - database - INFO - Committed batch of 5500 records
2024-11-17 20:54:28,185 - database - ERROR - Error inserting row: could not convert string to float: '-1,216.83'
2024-11-17 20:54:28,187 - database - ERROR - Error inserting row: could not convert string to float: '-2,287.92'
2024-11-17 20:54:28,188 - database - ERROR - Error inserting row: could not convert string to float: '-2,501.33'
2024-11-17 20:54:28,191 - database - ERROR - Error inserting row: could not convert string to float: '-1,142.76'
2024-11-17 20:54:28,196 - database - ERROR - Error inserting row: could not convert string to float: '-2,408.46'
2024-11-17 20:54:28,199 - database - ERROR - Error inserting row: could not convert string to float: '-1,061.90'
2024-11-17 20:54:28,199 - database - ERROR - Error inserting row: could not convert string to float: '-1,140.68'
2024-11-17 20:54:28,201 - database - ERROR - Error inserting row: could not convert string to float: '-1,761.38'
2024-11-17 20:54:28,201 - database - ERROR - Error inserting row: could not convert string to float: '-1,325.88'
2024-11-17 20:54:28,202 - database - ERROR - Error inserting row: could not convert string to float: '-1,035.78'
2024-11-17 20:54:28,205 - database - ERROR - Error inserting row: could not convert string to float: '2,125.24'
2024-11-17 20:54:28,209 - database - INFO - Committed batch of 5600 records
2024-11-17 20:54:28,209 - database - ERROR - Error inserting row: could not convert string to float: '-1,045.50'
2024-11-17 20:54:28,210 - database - ERROR - Error inserting row: could not convert string to float: '-3,194.77'
2024-11-17 20:54:28,211 - database - ERROR - Error inserting row: could not convert string to float: '-1,033.07'
2024-11-17 20:54:28,212 - database - ERROR - Error inserting row: could not convert string to float: '-1,077.60'
2024-11-17 20:54:28,213 - database - ERROR - Error inserting row: could not convert string to float: '-1,123.06'
2024-11-17 20:54:28,214 - database - ERROR - Error inserting row: could not convert string to float: '-2,945.83'
2024-11-17 20:54:28,216 - database - ERROR - Error inserting row: could not convert string to float: '-1,026.56'
2024-11-17 20:54:28,216 - database - ERROR - Error inserting row: could not convert string to float: '-2,360.79'
2024-11-17 20:54:28,217 - database - ERROR - Error inserting row: could not convert string to float: '-1,242.41'
2024-11-17 20:54:28,219 - database - ERROR - Error inserting row: could not convert string to float: '-4,066.35'
2024-11-17 20:54:28,219 - database - ERROR - Error inserting row: could not convert string to float: '-2,030.31'
2024-11-17 20:54:28,222 - database - ERROR - Error inserting row: could not convert string to float: '1,082.69'
2024-11-17 20:54:28,224 - database - ERROR - Error inserting row: could not convert string to float: '1,409.63'
2024-11-17 20:54:28,226 - database - ERROR - Error inserting row: could not convert string to float: '-1,244.34'
2024-11-17 20:54:28,226 - database - ERROR - Error inserting row: could not convert string to float: '1,007.68'
2024-11-17 20:54:28,227 - database - ERROR - Error inserting row: could not convert string to float: '-1,484.36'
2024-11-17 20:54:28,228 - database - ERROR - Error inserting row: could not convert string to float: '-1,241.74'
2024-11-17 20:54:28,229 - database - ERROR - Error inserting row: could not convert string to float: '-2,789.32'
2024-11-17 20:54:28,231 - database - ERROR - Error inserting row: could not convert string to float: '1,053.74'
2024-11-17 20:54:28,232 - database - ERROR - Error inserting row: could not convert string to float: '1,381.61'
2024-11-17 20:54:28,233 - database - ERROR - Error inserting row: could not convert string to float: '1,927.51'
2024-11-17 20:54:28,235 - database - INFO - Committed batch of 5700 records
2024-11-17 20:54:28,237 - database - ERROR - Error inserting row: could not convert string to float: '-1,058.48'
2024-11-17 20:54:28,238 - database - ERROR - Error inserting row: could not convert string to float: '1,574.22'
2024-11-17 20:54:28,239 - database - ERROR - Error inserting row: could not convert string to float: '1,084.20'
2024-11-17 20:54:28,239 - database - ERROR - Error inserting row: could not convert string to float: '3,103.05'
2024-11-17 20:54:28,240 - database - ERROR - Error inserting row: could not convert string to float: '1,017.19'
2024-11-17 20:54:28,241 - database - ERROR - Error inserting row: could not convert string to float: '1,225.67'
2024-11-17 20:54:28,241 - database - ERROR - Error inserting row: could not convert string to float: '1,848.85'
2024-11-17 20:54:28,242 - database - ERROR - Error inserting row: could not convert string to float: '1,051.81'
2024-11-17 20:54:28,246 - database - ERROR - Error inserting row: could not convert string to float: '1,093.12'
2024-11-17 20:54:28,247 - database - ERROR - Error inserting row: could not convert string to float: '2,438.88'
2024-11-17 20:54:28,248 - database - ERROR - Error inserting row: could not convert string to float: '1,448.35'
2024-11-17 20:54:28,249 - database - ERROR - Error inserting row: could not convert string to float: '1,050.13'
2024-11-17 20:54:28,252 - database - ERROR - Error inserting row: could not convert string to float: '1,099.10'
2024-11-17 20:54:28,252 - database - ERROR - Error inserting row: could not convert string to float: '1,318.38'
2024-11-17 20:54:28,253 - database - ERROR - Error inserting row: could not convert string to float: '1,630.79'
2024-11-17 20:54:28,255 - database - ERROR - Error inserting row: could not convert string to float: '1,019.67'
2024-11-17 20:54:28,255 - database - ERROR - Error inserting row: could not convert string to float: '1,016.76'
2024-11-17 20:54:28,255 - database - ERROR - Error inserting row: could not convert string to float: '2,374.45'
2024-11-17 20:54:28,257 - database - ERROR - Error inserting row: could not convert string to float: '1,017.19'
2024-11-17 20:54:28,258 - database - ERROR - Error inserting row: could not convert string to float: '2,143.08'
2024-11-17 20:54:28,258 - database - ERROR - Error inserting row: could not convert string to float: '1,377.39'
2024-11-17 20:54:28,260 - database - INFO - Committed batch of 5800 records
2024-11-17 20:54:28,262 - database - ERROR - Error inserting row: could not convert string to float: '1,056.54'
2024-11-17 20:54:28,262 - database - ERROR - Error inserting row: could not convert string to float: '1,915.52'
2024-11-17 20:54:28,263 - database - ERROR - Error inserting row: could not convert string to float: '1,138.43'
2024-11-17 20:54:28,265 - database - ERROR - Error inserting row: could not convert string to float: '1,025.58'
2024-11-17 20:54:28,265 - database - ERROR - Error inserting row: could not convert string to float: '1,067.46'
2024-11-17 20:54:28,266 - database - ERROR - Error inserting row: could not convert string to float: '-1,143.32'
2024-11-17 20:54:28,267 - database - ERROR - Error inserting row: could not convert string to float: '1,278.02'
2024-11-17 20:54:28,267 - database - ERROR - Error inserting row: could not convert string to float: '1,051.81'
2024-11-17 20:54:28,268 - database - ERROR - Error inserting row: could not convert string to float: '1,114.94'
2024-11-17 20:54:28,268 - database - ERROR - Error inserting row: could not convert string to float: '1,848.85'
2024-11-17 20:54:28,271 - database - ERROR - Error inserting row: could not convert string to float: '1,437.65'
2024-11-17 20:54:28,273 - database - ERROR - Error inserting row: could not convert string to float: '1,051.81'
2024-11-17 20:54:28,273 - database - ERROR - Error inserting row: could not convert string to float: '1,985.88'
2024-11-17 20:54:28,274 - database - ERROR - Error inserting row: could not convert string to float: '1,848.85'
2024-11-17 20:54:28,274 - database - ERROR - Error inserting row: could not convert string to float: '1,915.51'
2024-11-17 20:54:28,276 - database - ERROR - Error inserting row: could not convert string to float: '1,100.94'
2024-11-17 20:54:28,277 - database - ERROR - Error inserting row: could not convert string to float: '1,699.91'
2024-11-17 20:54:28,277 - database - ERROR - Error inserting row: could not convert string to float: '1,003.74'
2024-11-17 20:54:28,279 - database - ERROR - Error inserting row: could not convert string to float: '1,086.33'
2024-11-17 20:54:28,279 - database - ERROR - Error inserting row: could not convert string to float: '1,342.23'
2024-11-17 20:54:28,280 - database - ERROR - Error inserting row: could not convert string to float: '1,065.55'
2024-11-17 20:54:28,280 - database - ERROR - Error inserting row: could not convert string to float: '2,551.40'
2024-11-17 20:54:28,280 - database - ERROR - Error inserting row: could not convert string to float: '2,049.45'
2024-11-17 20:54:28,281 - database - ERROR - Error inserting row: could not convert string to float: '1,195.11'
2024-11-17 20:54:28,282 - database - ERROR - Error inserting row: could not convert string to float: '1,026.29'
2024-11-17 20:54:28,282 - database - ERROR - Error inserting row: could not convert string to float: '1,379.15'
2024-11-17 20:54:28,282 - database - ERROR - Error inserting row: could not convert string to float: '3,399.07'
2024-11-17 20:54:28,287 - database - INFO - Committed batch of 5900 records
2024-11-17 20:54:28,289 - database - ERROR - Error inserting row: could not convert string to float: '1,498.60'
2024-11-17 20:54:28,289 - database - ERROR - Error inserting row: could not convert string to float: '1,974.02'
2024-11-17 20:54:28,290 - database - ERROR - Error inserting row: could not convert string to float: '1,092.03'
2024-11-17 20:54:28,290 - database - ERROR - Error inserting row: could not convert string to float: '2,322.98'
2024-11-17 20:54:28,291 - database - ERROR - Error inserting row: could not convert string to float: '1,381.61'
2024-11-17 20:54:28,292 - database - ERROR - Error inserting row: could not convert string to float: '1,574.22'
2024-11-17 20:54:28,295 - database - ERROR - Error inserting row: could not convert string to float: '1,359.48'
2024-11-17 20:54:28,296 - database - ERROR - Error inserting row: could not convert string to float: '1,025.53'
2024-11-17 20:54:28,296 - database - ERROR - Error inserting row: could not convert string to float: '1,860.50'
2024-11-17 20:54:28,296 - database - ERROR - Error inserting row: could not convert string to float: '1,547.40'
2024-11-17 20:54:28,297 - database - ERROR - Error inserting row: could not convert string to float: '1,759.18'
2024-11-17 20:54:28,298 - database - ERROR - Error inserting row: could not convert string to float: '1,381.61'
2024-11-17 20:54:28,299 - database - ERROR - Error inserting row: could not convert string to float: '1,034.54'
2024-11-17 20:54:28,300 - database - ERROR - Error inserting row: could not convert string to float: '1,439.14'
2024-11-17 20:54:28,301 - database - ERROR - Error inserting row: could not convert string to float: '1,377.80'
2024-11-17 20:54:28,302 - database - ERROR - Error inserting row: could not convert string to float: '1,141.69'
2024-11-17 20:54:28,302 - database - ERROR - Error inserting row: could not convert string to float: '-3,532.48'
2024-11-17 20:54:28,305 - database - ERROR - Error inserting row: could not convert string to float: '-2,570.67'
2024-11-17 20:54:28,309 - database - ERROR - Error inserting row: could not convert string to float: '-2,435.69'
2024-11-17 20:54:28,313 - database - INFO - Committed batch of 6000 records
2024-11-17 20:54:28,313 - database - ERROR - Error inserting row: could not convert string to float: '2,125.24'
2024-11-17 20:54:28,316 - database - ERROR - Error inserting row: could not convert string to float: '-2,553.23'
2024-11-17 20:54:28,316 - database - ERROR - Error inserting row: could not convert string to float: '1,070.42'
2024-11-17 20:54:28,318 - database - ERROR - Error inserting row: could not convert string to float: '1,045.06'
2024-11-17 20:54:28,319 - database - ERROR - Error inserting row: could not convert string to float: '-2,403.96'
2024-11-17 20:54:28,321 - database - ERROR - Error inserting row: could not convert string to float: '1,007.64'
2024-11-17 20:54:28,321 - database - ERROR - Error inserting row: could not convert string to float: '-2,417.30'
2024-11-17 20:54:28,322 - database - ERROR - Error inserting row: could not convert string to float: '1,007.68'
2024-11-17 20:54:28,323 - database - ERROR - Error inserting row: could not convert string to float: '1,045.06'
2024-11-17 20:54:28,323 - database - ERROR - Error inserting row: could not convert string to float: '-1,284.57'
2024-11-17 20:54:28,325 - database - ERROR - Error inserting row: could not convert string to float: '-2,833.89'
2024-11-17 20:54:28,326 - database - ERROR - Error inserting row: could not convert string to float: '-1,517.82'
2024-11-17 20:54:28,326 - database - ERROR - Error inserting row: could not convert string to float: '1,008.78'
2024-11-17 20:54:28,329 - database - ERROR - Error inserting row: could not convert string to float: '-2,679.06'
2024-11-17 20:54:28,331 - database - ERROR - Error inserting row: could not convert string to float: '1,007.68'
2024-11-17 20:54:28,332 - database - ERROR - Error inserting row: could not convert string to float: '1,045.06'
2024-11-17 20:54:28,333 - database - ERROR - Error inserting row: could not convert string to float: '-2,360.73'
2024-11-17 20:54:28,334 - database - ERROR - Error inserting row: could not convert string to float: '1,008.78'
2024-11-17 20:54:28,335 - database - ERROR - Error inserting row: could not convert string to float: '1,131.97'
2024-11-17 20:54:28,336 - database - ERROR - Error inserting row: could not convert string to float: '-2,405.77'
2024-11-17 20:54:28,336 - database - ERROR - Error inserting row: could not convert string to float: '1,070.42'
2024-11-17 20:54:28,337 - database - ERROR - Error inserting row: could not convert string to float: '1,007.68'
2024-11-17 20:54:28,339 - database - INFO - Committed batch of 6100 records
2024-11-17 20:54:28,340 - database - ERROR - Error inserting row: could not convert string to float: '1,094.90'
2024-11-17 20:54:28,340 - database - ERROR - Error inserting row: could not convert string to float: '1,546.12'
2024-11-17 20:54:28,340 - database - ERROR - Error inserting row: could not convert string to float: '1,805.22'
2024-11-17 20:54:28,342 - database - ERROR - Error inserting row: could not convert string to float: '1,070.42'
2024-11-17 20:54:28,342 - database - ERROR - Error inserting row: could not convert string to float: '1,001.41'
2024-11-17 20:54:28,344 - database - ERROR - Error inserting row: could not convert string to float: '-2,487.86'
2024-11-17 20:54:28,345 - database - ERROR - Error inserting row: could not convert string to float: '-1,806.54'
2024-11-17 20:54:28,347 - database - ERROR - Error inserting row: could not convert string to float: '-1,403.87'
2024-11-17 20:54:28,349 - database - ERROR - Error inserting row: could not convert string to float: '-1,048.76'
2024-11-17 20:54:28,350 - database - ERROR - Error inserting row: could not convert string to float: '1,007.68'
2024-11-17 20:54:28,352 - database - ERROR - Error inserting row: could not convert string to float: '1,007.68'
2024-11-17 20:54:28,354 - database - ERROR - Error inserting row: could not convert string to float: '1,007.68'
2024-11-17 20:54:28,354 - database - ERROR - Error inserting row: could not convert string to float: '1,250.54'
2024-11-17 20:54:28,355 - database - ERROR - Error inserting row: could not convert string to float: '-1,154.33'
2024-11-17 20:54:28,359 - database - ERROR - Error inserting row: could not convert string to float: '-1,483.40'
2024-11-17 20:54:28,360 - database - ERROR - Error inserting row: could not convert string to float: '1,313.10'
2024-11-17 20:54:28,361 - database - ERROR - Error inserting row: could not convert string to float: '-2,552.07'
2024-11-17 20:54:28,365 - database - INFO - Committed batch of 6200 records
2024-11-17 20:54:28,368 - database - ERROR - Error inserting row: could not convert string to float: '-1,404.05'
2024-11-17 20:54:28,368 - database - ERROR - Error inserting row: could not convert string to float: '-2,851.21'
2024-11-17 20:54:28,369 - database - ERROR - Error inserting row: could not convert string to float: '-1,162.17'
2024-11-17 20:54:28,372 - database - ERROR - Error inserting row: could not convert string to float: '-3,952.61'
2024-11-17 20:54:28,374 - database - ERROR - Error inserting row: could not convert string to float: '-1,213.93'
2024-11-17 20:54:28,375 - database - ERROR - Error inserting row: could not convert string to float: '1,082.69'
2024-11-17 20:54:28,377 - database - ERROR - Error inserting row: could not convert string to float: '-1,241.74'
2024-11-17 20:54:28,379 - database - ERROR - Error inserting row: could not convert string to float: '-2,451.25'
2024-11-17 20:54:28,379 - database - ERROR - Error inserting row: could not convert string to float: '1,007.64'
2024-11-17 20:54:28,380 - database - ERROR - Error inserting row: could not convert string to float: '-2,697.18'
2024-11-17 20:54:28,381 - database - ERROR - Error inserting row: could not convert string to float: '2,124.29'
2024-11-17 20:54:28,387 - database - ERROR - Error inserting row: could not convert string to float: '1,003.02'
2024-11-17 20:54:28,388 - database - INFO - Committed batch of 6300 records
2024-11-17 20:54:28,670 - database - ERROR - Error inserting row: could not convert string to float: '1,056.54'
2024-11-17 20:54:28,673 - database - INFO - Committed batch of 7300 records
2024-11-17 20:54:28,699 - database - INFO - Committed batch of 7400 records
2024-11-17 20:54:28,723 - database - INFO - Committed batch of 7500 records
2024-11-17 20:54:28,724 - database - ERROR - Error inserting row: could not convert string to float: '-1,241.10'
2024-11-17 20:54:28,725 - database - ERROR - Error inserting row: could not convert string to float: '-2,785.41'
2024-11-17 20:54:28,726 - database - ERROR - Error inserting row: could not convert string to float: '-1,098.70'
2024-11-17 20:54:28,727 - database - ERROR - Error inserting row: could not convert string to float: '-1,037.30'
2024-11-17 20:54:28,727 - database - ERROR - Error inserting row: could not convert string to float: '-2,642.11'
2024-11-17 20:54:28,729 - database - ERROR - Error inserting row: could not convert string to float: '1,190.70'
2024-11-17 20:54:28,730 - database - ERROR - Error inserting row: could not convert string to float: '-2,410.23'
2024-11-17 20:54:28,732 - database - ERROR - Error inserting row: could not convert string to float: '-1,387.39'
2024-11-17 20:54:28,732 - database - ERROR - Error inserting row: could not convert string to float: '-1,288.98'
2024-11-17 20:54:28,733 - database - ERROR - Error inserting row: could not convert string to float: '-2,030.31'
2024-11-17 20:54:28,734 - database - ERROR - Error inserting row: could not convert string to float: '1,608.08'
2024-11-17 20:54:28,735 - database - ERROR - Error inserting row: could not convert string to float: '1,071.66'
2024-11-17 20:54:28,736 - database - ERROR - Error inserting row: could not convert string to float: '1,927.51'
2024-11-18 20:27:23,700 - database - ERROR - Error inserting row: 'float' object has no attribute 'replace'
2024-11-18 20:27:23,727 - database - ERROR - Error inserting row: 'float' object has no attribute 'replace'
2024-11-18 20:27:23,727 - database - ERROR - Error inserting row: 'float' object has no attribute 'replace'
2024-11-18 20:27:23,727 - database - ERROR - Error inserting row: 'float' object has no attribute 'replace'
2024-11-18 20:27:23,727 - database - ERROR - Error inserting row: 'float' object has no attribute 'replace'
2024-11-18 20:27:23,727 - database - ERROR - Error inserting row: 'float' object has no attribute 'replace'
2024-11-18 20:27:23,727 - database - ERROR - Error inserting row: 'float' object has no attribute 'replace'
2024-11-18 20:27:23,727 - database - ERROR - Error inserting row: 'float' object has no attribute 'replace'
2024-11-18 20:27:23,727 - database - ERROR - Error inserting row: 'float' object has no attribute 'replace'
2024-11-18 20:27:23,727 - database - ERROR - Error inserting row: 'float' object has no attribute 'replace'
2024-11-18 20:27:23,727 - database - ERROR - Error inserting row: 'float' object has no attribute 'replace'
2024-11-18 20:27:23,727 - database - ERROR - Error inserting row: 'float' object has no attribute 'replace'
2024-11-18 20:27:23,727 - database - ERROR - Error inserting row: 'float' object has no attribute 'replace'
2024-11-18 20:27:23,727 - database - ERROR - Error inserting row: 'float' object has no attribute 'replace'
2024-11-18 20:27:23,728 - database - ERROR - Error inserting row: 'float' object has no attribute 'replace'
2024-11-18 20:27:23,728 - database - ERROR - Error inserting row: 'float' object has no attribute 'replace'
2024-11-18 20:27:23,728 - database - ERROR - Error inserting row: 'float' object has no attribute 'replace'
2024-11-18 20:27:23,728 - database - ERROR - Error inserting row: 'float' object has no attribute 'replace'
2024-11-18 20:27:23,728 - database - ERROR - Error inserting row: 'float' object has no attribute 'replace'
2024-11-18 20:27:23,728 - database - ERROR - Error inserting row: 'float' object has no attribute 'replace'
2024-11-18 20:27:23,728 - database - ERROR - Error inserting row: 'float' object has no attribute 'replace'
2024-11-18 20:27:23,728 - database - ERROR - Error inserting row: 'float' object has no attribute 'replace'
2024-11-18 20:27:23,728 - database - ERROR - Error inserting row: 'float' object has no attribute 'replace'
2024-11-18 20:27:23,728 - database - ERROR - Error inserting row: 'float' object has no attribute 'replace'
2024-11-18 20:27:23,728 - database - ERROR - Error inserting row: 'float' object has no attribute 'replace'
2024-11-18 20:27:23,728 - database - ERROR - Error inserting row: 'float' object has no attribute 'replace'
2024-11-18 20:27:23,728 - database - ERROR - Error inserting row: 'float' object has no attribute 'replace'
2024-11-18 20:27:23,728 - database - ERROR - Error inserting row: 'float' object has no attribute 'replace'
2024-11-18 20:27:23,728 - database - ERROR - Error inserting row: 'float' object has no attribute 'replace'
2024-11-18 20:27:23,728 - database - ERROR - Error inserting row: 'float' object has no attribute 'replace'
2024-11-18 20:27:23,728 - database - ERROR - Error inserting row: 'float' object has no attribute 'replace'
2024-11-18 20:27:23,729 - database - ERROR - Error inserting row: 'float' object has no attribute 'replace'
2024-11-18 20:27:23,729 - database - ERROR - Error inserting row: 'float' object has no attribute 'replace'
2024-11-18 20:27:23,729 - database - ERROR - Error inserting row: 'float' object has no attribute 'replace'
2024-11-18 20:27:23,729 - database - ERROR - Error inserting row: 'float' object has no attribute 'replace'
2024-11-18 20:27:23,729 - database - ERROR - Error inserting row: 'float' object has no attribute 'replace'
2024-11-18 20:27:23,729 - database - ERROR - Error inserting row: 'float' object has no attribute 'replace'
2024-11-18 20:27:23,729 - database - ERROR - Error inserting row: 'float' object has no attribute 'replace'
2024-11-18 20:27:23,729 - database - ERROR - Error inserting row: 'float' object has no attribute 'replace'
2024-11-18 20:27:23,729 - database - ERROR - Error inserting row: 'float' object has no attribute 'replace'
2024-11-18 20:27:23,729 - database - ERROR - Error inserting row: 'float' object has no attribute 'replace'
2024-11-18 20:27:23,729 - database - ERROR - Error inserting row: 'float' object has no attribute 'replace'
2024-11-18 20:27:23,729 - database - ERROR - Error inserting row: 'float' object has no attribute 'replace'
2024-11-18 20:27:23,729 - database - ERROR - Error inserting row: 'float' object has no attribute 'replace'
2024-11-18 20:27:23,729 - database - ERROR - Error inserting row: 'float' object has no attribute 'replace'
2024-11-18 20:27:23,729 - database - ERROR - Error inserting row: 'float' object has no attribute 'replace'
2024-11-18 20:27:23,729 - database - ERROR - Error inserting row: 'float' object has no attribute 'replace'
2024-11-18 20:27:23,729 - database - ERROR - Error inserting row: 'float' object has no attribute 'replace'
2024-11-18 20:27:23,730 - database - ERROR - Error inserting row: 'float' object has no attribute 'replace'
2024-11-18 20:27:23,730 - database - ERROR - Error inserting row: 'float' object has no attribute 'replace'
2024-11-18 20:27:23,730 - database - ERROR - Error inserting row: 'float' object has no attribute 'replace'
2024-11-18 20:27:23,730 - database - ERROR - Error inserting row: 'float' object has no attribute 'replace'
2024-11-18 20:27:23,730 - database - ERROR - Error inserting row: 'float' object has no attribute 'replace'
2024-11-18 20:27:23,730 - database - ERROR - Error inserting row: 'float' object has no attribute 'replace'
2024-11-18 20:27:23,730 - database - ERROR - Error inserting row: 'float' object has no attribute 'replace'
2024-11-18 20:27:23,730 - database - ERROR - Error inserting row: 'float' object has no attribute 'replace'
2024-11-18 20:27:23,730 - database - ERROR - Error inserting row: 'float' object has no attribute 'replace'
2024-11-18 20:27:23,730 - database - ERROR - Error inserting row: 'float' object has no attribute 'replace'
2024-11-18 20:27:23,730 - database - ERROR - Error inserting row: 'float' object has no attribute 'replace'
2024-11-18 20:27:23,730 - database - ERROR - Error inserting row: 'float' object has no attribute 'replace'
2024-11-18 20:27:23,730 - database - ERROR - Error inserting row: 'float' object has no attribute 'replace'
2024-11-18 20:27:23,731 - database - ERROR - Error inserting row: 'float' object has no attribute 'replace'
2024-11-18 20:27:23,731 - database - ERROR - Error inserting row: 'float' object has no attribute 'replace'
2024-11-18 20:27:23,731 - database - ERROR - Error inserting row: 'float' object has no attribute 'replace'
2024-11-18 20:27:23,731 - database - ERROR - Error inserting row: 'float' object has no attribute 'replace'
2024-11-18 20:27:23,731 - database - ERROR - Error inserting row: 'float' object has no attribute 'replace'
2024-11-18 20:27:23,731 - database - ERROR - Error inserting row: 'float' object has no attribute 'replace'
2024-11-18 20:27:23,731 - database - ERROR - Error inserting row: 'float' object has no attribute 'replace'
2024-11-18 20:27:23,731 - database - ERROR - Error inserting row: 'float' object has no attribute 'replace'
2024-11-18 20:27:23,731 - database - ERROR - Error inserting row: 'float' object has no attribute 'replace'
2024-11-18 20:27:23,731 - database - ERROR - Error inserting row: 'float' object has no attribute 'replace'
2024-11-18 20:27:23,731 - database - ERROR - Error inserting row: 'float' object has no attribute 'replace'
2024-11-18 20:27:23,731 - database - ERROR - Error inserting row: 'float' object has no attribute 'replace'
2024-11-18 20:27:23,731 - database - ERROR - Error inserting row: 'float' object has no attribute 'replace'
2024-11-18 20:27:23,731 - database - ERROR - Error inserting row: 'float' object has no attribute 'replace'
2024-11-18 20:27:23,731 - database - ERROR - Error inserting row: 'float' object has no attribute 'replace'
2024-11-18 20:27:23,731 - database - ERROR - Error inserting row: 'float' object has no attribute 'replace'
2024-11-18 20:27:23,732 - database - ERROR - Error inserting row: 'float' object has no attribute 'replace'
2024-11-18 20:27:23,732 - database - ERROR - Error inserting row: 'float' object has no attribute 'replace'
2024-11-18 20:27:23,732 - database - ERROR - Error inserting row: 'float' object has no attribute 'replace'
2024-11-18 20:27:23,732 - database - ERROR - Error inserting row: 'float' object has no attribute 'replace'
2024-11-18 20:27:23,732 - database - ERROR - Error inserting row: 'float' object has no attribute 'replace'
2024-11-18 20:27:23,732 - database - ERROR - Error inserting row: 'float' object has no attribute 'replace'
2024-11-18 20:27:23,732 - database - ERROR - Error inserting row: 'float' object has no attribute 'replace'
2024-11-18 20:27:23,732 - database - ERROR - Error inserting row: 'float' object has no attribute 'replace'
2024-11-18 20:27:23,732 - database - ERROR - Error inserting row: 'float' object has no attribute 'replace'
2024-11-18 20:27:23,732 - database - ERROR - Error inserting row: 'float' object has no attribute 'replace'
2024-11-18 20:27:23,732 - database - ERROR - Error inserting row: 'float' object has no attribute 'replace'
2024-11-18 20:27:23,732 - database - ERROR - Error inserting row: 'float' object has no attribute 'replace'
2024-11-18 20:27:23,732 - database - ERROR - Error inserting row: 'float' object has no attribute 'replace'
2024-11-18 20:27:23,732 - database - ERROR - Error inserting row: 'float' object has no attribute 'replace'
2024-11-18 20:27:23,732 - database - ERROR - Error inserting row: 'float' object has no attribute 'replace'
2024-11-18 20:27:23,732 - database - ERROR - Error inserting row: 'float' object has no attribute 'replace'
2024-11-18 20:27:23,732 - database - ERROR - Error inserting row: 'float' object has no attribute 'replace'
2024-11-18 20:27:23,733 - database - ERROR - Error inserting row: 'float' object has no attribute 'replace'
2024-11-18 20:27:23,733 - database - ERROR - Error inserting row: 'float' object has no attribute 'replace'
2024-11-18 20:27:23,733 - database - ERROR - Error inserting row: 'float' object has no attribute 'replace'
2024-11-18 20:27:23,733 - database - ERROR - Error inserting row: 'float' object has no attribute 'replace'
2024-11-18 20:27:23,733 - database - ERROR - Error inserting row: 'float' object has no attribute 'replace'
2024-11-18 20:27:23,733 - database - ERROR - Error inserting row: 'float' object has no attribute 'replace'
2024-11-18 20:27:23,733 - database - ERROR - Error inserting row: 'float' object has no attribute 'replace'
2024-11-18 20:27:23,733 - database - ERROR - Error inserting row: 'float' object has no attribute 'replace'
2024-11-18 20:27:23,733 - database - ERROR - Error inserting row: 'float' object has no attribute 'replace'
2024-11-18 20:27:23,733 - database - ERROR - Error inserting row: 'float' object has no attribute 'replace'
2024-11-18 20:27:23,733 - database - ERROR - Error inserting row: 'float' object has no attribute 'replace'
2024-11-18 20:27:23,733 - database - ERROR - Error inserting row: 'float' object has no attribute 'replace'
2024-11-18 20:27:23,733 - database - ERROR - Error inserting row: 'float' object has no attribute 'replace'
2024-11-18 20:27:23,733 - database - ERROR - Error inserting row: 'float' object has no attribute 'replace'
2024-11-18 20:27:23,733 - database - ERROR - Error inserting row: 'float' object has no attribute 'replace'
2024-11-18 20:27:23,733 - database - ERROR - Error inserting row: 'float' object has no attribute 'replace'
2024-11-18 20:27:23,733 - database - ERROR - Error inserting row: 'float' object has no attribute 'replace'
2024-11-18 20:27:23,734 - database - ERROR - Error inserting row: 'float' object has no attribute 'replace'
2024-11-18 20:27:23,734 - database - ERROR - Error inserting row: 'float' object has no attribute 'replace'
2024-11-18 20:27:23,734 - database - ERROR - Error inserting row: 'float' object has no attribute 'replace'
2024-11-18 20:27:23,734 - database - ERROR - Error inserting row: 'float' object has no attribute 'replace'
2024-11-18 20:27:23,734 - database - ERROR - Error inserting row: 'float' object has no attribute 'replace'
2024-11-18 20:27:23,734 - database - ERROR - Error inserting row: 'float' object has no attribute 'replace'
2024-11-18 20:27:23,734 - database - ERROR - Error inserting row: 'float' object has no attribute 'replace'
2024-11-18 20:27:23,734 - database - ERROR - Error inserting row: 'float' object has no attribute 'replace'
2024-11-18 20:27:23,734 - database - ERROR - Error inserting row: 'float' object has no attribute 'replace'
2024-11-18 20:27:23,734 - database - ERROR - Error inserting row: 'float' object has no attribute 'replace'
2024-11-18 20:27:23,734 - database - ERROR - Error inserting row: 'float' object has no attribute 'replace'
2024-11-18 20:27:23,734 - database - ERROR - Error inserting row: 'float' object has no attribute 'replace'
2024-11-18 20:27:23,734 - database - ERROR - Error inserting row: 'float' object has no attribute 'replace'
2024-11-18 20:27:23,734 - database - ERROR - Error inserting row: 'float' object has no attribute 'replace'
2024-11-18 20:27:23,734 - database - ERROR - Error inserting row: 'float' object has no attribute 'replace'
2024-11-18 20:27:23,734 - database - ERROR - Error inserting row: 'float' object has no attribute 'replace'
2024-11-18 20:27:23,734 - database - ERROR - Error inserting row: 'float' object has no attribute 'replace'
2024-11-18 20:27:23,735 - database - ERROR - Error inserting row: 'float' object has no attribute 'replace'
2024-11-18 20:27:23,735 - database - ERROR - Error inserting row: 'float' object has no attribute 'replace'
2024-11-18 20:27:23,735 - database - ERROR - Error inserting row: 'float' object has no attribute 'replace'
2024-11-18 20:27:23,735 - database - ERROR - Error inserting row: 'float' object has no attribute 'replace'
2024-11-18 20:27:23,735 - database - ERROR - Error inserting row: 'float' object has no attribute 'replace'
2024-11-18 20:27:23,735 - database - ERROR - Error inserting row: 'float' object has no attribute 'replace'
2024-11-18 20:27:23,735 - database - ERROR - Error inserting row: 'float' object has no attribute 'replace'
2024-11-18 20:27:23,735 - database - ERROR - Error inserting row: 'float' object has no attribute 'replace'
2024-11-18 20:27:23,735 - database - ERROR - Error inserting row: 'float' object has no attribute 'replace'
2024-11-18 20:27:23,735 - database - ERROR - Error inserting row: 'float' object has no attribute 'replace'
2024-11-18 20:27:23,735 - database - ERROR - Error inserting row: 'float' object has no attribute 'replace'
2024-11-18 20:27:23,735 - database - ERROR - Error inserting row: 'float' object has no attribute 'replace'
2024-11-18 20:27:23,735 - database - ERROR - Error inserting row: 'float' object has no attribute 'replace'
2024-11-18 20:27:23,735 - database - ERROR - Error inserting row: 'float' object has no attribute 'replace'
2024-11-18 20:27:23,735 - database - ERROR - Error inserting row: 'float' object has no attribute 'replace'
2024-11-18 20:27:23,736 - database - ERROR - Error inserting row: 'float' object has no attribute 'replace'
2024-11-18 20:27:23,736 - database - ERROR - Error inserting row: 'float' object has no attribute 'replace'
2024-11-18 20:27:23,736 - database - ERROR - Error inserting row: 'float' object has no attribute 'replace'
2024-11-18 20:27:23,736 - database - ERROR - Error inserting row: 'float' object has no attribute 'replace'
2024-11-18 20:27:23,736 - database - ERROR - Error inserting row: 'float' object has no attribute 'replace'
2024-11-18 20:27:23,736 - database - ERROR - Error inserting row: 'float' object has no attribute 'replace'
2024-11-18 20:27:23,736 - database - ERROR - Error inserting row: 'float' object has no attribute 'replace'
2024-11-18 20:27:23,736 - database - ERROR - Error inserting row: 'float' object has no attribute 'replace'
2024-11-18 20:27:23,736 - database - ERROR - Error inserting row: 'float' object has no attribute 'replace'
2024-11-18 20:27:23,736 - database - ERROR - Error inserting row: 'float' object has no attribute 'replace'
2024-11-18 20:27:23,736 - database - ERROR - Error inserting row: 'float' object has no attribute 'replace'
2024-11-18 20:27:23,736 - database - ERROR - Error inserting row: 'float' object has no attribute 'replace'
2024-11-18 20:27:23,736 - database - ERROR - Error inserting row: 'float' object has no attribute 'replace'
2024-11-18 20:27:23,736 - database - ERROR - Error inserting row: 'float' object has no attribute 'replace'
2024-11-18 20:27:23,736 - database - ERROR - Error inserting row: 'float' object has no attribute 'replace'
2024-11-18 20:27:23,736 - database - ERROR - Error inserting row: 'float' object has no attribute 'replace'
2024-11-18 20:27:23,737 - database - ERROR - Error inserting row: 'float' object has no attribute 'replace'
2024-11-18 20:27:23,737 - database - ERROR - Error inserting row: 'float' object has no attribute 'replace'
2024-11-18 20:27:23,737 - database - ERROR - Error inserting row: 'float' object has no attribute 'replace'
2024-11-18 20:27:23,737 - database - ERROR - Error inserting row: 'float' object has no attribute 'replace'
2024-11-18 20:27:23,737 - database - ERROR - Error inserting row: 'float' object has no attribute 'replace'
2024-11-18 20:27:23,737 - database - ERROR - Error inserting row: 'float' object has no attribute 'replace'
2024-11-18 20:27:23,737 - database - ERROR - Error inserting row: 'float' object has no attribute 'replace'
2024-11-18 20:27:23,737 - database - ERROR - Error inserting row: 'float' object has no attribute 'replace'
2024-11-18 20:27:23,737 - database - ERROR - Error inserting row: 'float' object has no attribute 'replace'
2024-11-18 20:27:23,737 - database - ERROR - Error inserting row: 'float' object has no attribute 'replace'
2024-11-18 20:27:23,737 - database - ERROR - Error inserting row: 'float' object has no attribute 'replace'
2024-11-18 20:27:23,737 - database - ERROR - Error inserting row: 'float' object has no attribute 'replace'
2024-11-18 20:27:23,737 - database - ERROR - Error inserting row: 'float' object has no attribute 'replace'
2024-11-18 20:27:23,737 - database - ERROR - Error inserting row: 'float' object has no attribute 'replace'
2024-11-18 20:27:23,737 - database - ERROR - Error inserting row: 'float' object has no attribute 'replace'
2024-11-18 20:27:23,737 - database - ERROR - Error inserting row: 'float' object has no attribute 'replace'
2024-11-18 20:27:23,738 - database - ERROR - Error inserting row: 'float' object has no attribute 'replace'
2024-11-18 20:27:23,738 - database - ERROR - Error inserting row: 'float' object has no attribute 'replace'
2024-11-18 20:27:23,738 - database - ERROR - Error inserting row: 'float' object has no attribute 'replace'
2024-11-18 20:27:23,738 - database - ERROR - Error inserting row: 'float' object has no attribute 'replace'
2024-11-18 20:27:23,738 - database - ERROR - Error inserting row: 'float' object has no attribute 'replace'
2024-11-18 20:27:23,738 - database - ERROR - Error inserting row: 'float' object has no attribute 'replace'
2024-11-18 20:27:23,738 - database - ERROR - Error inserting row: 'float' object has no attribute 'replace'
2024-11-18 20:27:23,738 - database - ERROR - Error inserting row: 'float' object has no attribute 'replace'
2024-11-18 20:27:23,738 - database - ERROR - Error inserting row: 'float' object has no attribute 'replace'
2024-11-18 20:27:23,738 - database - ERROR - Error inserting row: 'float' object has no attribute 'replace'
2024-11-18 20:27:23,738 - database - ERROR - Error inserting row: 'float' object has no attribute 'replace'
2024-11-18 20:27:23,738 - database - ERROR - Error inserting row: 'float' object has no attribute 'replace'
2024-11-18 20:27:23,738 - database - ERROR - Error inserting row: 'float' object has no attribute 'replace'
2024-11-18 20:27:23,738 - database - ERROR - Error inserting row: 'float' object has no attribute 'replace'
2024-11-18 20:27:23,738 - database - ERROR - Error inserting row: 'float' object has no attribute 'replace'
2024-11-18 20:27:23,738 - database - ERROR - Error inserting row: 'float' object has no attribute 'replace'
2024-11-18 20:27:23,738 - database - ERROR - Error inserting row: 'float' object has no attribute 'replace'
2024-11-18 20:27:23,739 - database - ERROR - Error inserting row: 'float' object has no attribute 'replace'
2024-11-18 20:27:23,739 - database - ERROR - Error inserting row: 'float' object has no attribute 'replace'
2024-11-18 20:27:23,739 - database - ERROR - Error inserting row: 'float' object has no attribute 'replace'
2024-11-18 20:27:23,739 - database - ERROR - Error inserting row: 'float' object has no attribute 'replace'
2024-11-18 20:27:23,739 - database - ERROR - Error inserting row: 'float' object has no attribute 'replace'
2024-11-18 20:27:23,739 - database - ERROR - Error inserting row: 'float' object has no attribute 'replace'
2024-11-18 20:27:23,739 - database - ERROR - Error inserting row: 'float' object has no attribute 'replace'
2024-11-18 20:27:23,739 - database - ERROR - Error inserting row: 'float' object has no attribute 'replace'
2024-11-18 20:27:23,739 - database - ERROR - Error inserting row: 'float' object has no attribute 'replace'
2024-11-18 20:27:23,739 - database - ERROR - Error inserting row: 'float' object has no attribute 'replace'
2024-11-18 20:27:23,739 - database - ERROR - Error inserting row: 'float' object has no attribute 'replace'
2024-11-18 20:27:23,739 - database - ERROR - Error inserting row: 'float' object has no attribute 'replace'
2024-11-18 20:27:23,739 - database - ERROR - Error inserting row: 'float' object has no attribute 'replace'
2024-11-18 20:27:23,739 - database - ERROR - Error inserting row: 'float' object has no attribute 'replace'
2024-11-18 20:27:23,739 - database - ERROR - Error inserting row: 'float' object has no attribute 'replace'
2024-11-18 20:27:23,739 - database - ERROR - Error inserting row: 'float' object has no attribute 'replace'
2024-11-18 20:27:23,739 - database - ERROR - Error inserting row: 'float' object has no attribute 'replace'
2024-11-18 20:27:23,739 - database - ERROR - Error inserting row: 'float' object has no attribute 'replace'
2024-11-18 20:27:23,740 - database - ERROR - Error inserting row: 'float' object has no attribute 'replace'
2024-11-18 20:27:23,740 - database - ERROR - Error inserting row: 'float' object has no attribute 'replace'
2024-11-18 20:27:23,740 - database - ERROR - Error inserting row: 'float' object has no attribute 'replace'
2024-11-18 20:27:23,740 - database - ERROR - Error inserting row: 'float' object has no attribute 'replace'
2024-11-18 20:27:23,740 - database - ERROR - Error inserting row: 'float' object has no attribute 'replace'
2024-11-18 20:27:23,740 - database - ERROR - Error inserting row: 'float' object has no attribute 'replace'
2024-11-18 20:27:23,740 - database - ERROR - Error inserting row: 'float' object has no attribute 'replace'
2024-11-18 20:27:23,740 - database - ERROR - Error inserting row: 'float' object has no attribute 'replace'
2024-11-18 20:27:23,740 - database - ERROR - Error inserting row: 'float' object has no attribute 'replace'
2024-11-18 20:27:23,740 - database - ERROR - Error inserting row: 'float' object has no attribute 'replace'
2024-11-18 20:27:23,740 - database - ERROR - Error inserting row: 'float' object has no attribute 'replace'
2024-11-18 20:27:23,740 - database - ERROR - Error inserting row: 'float' object has no attribute 'replace'
2024-11-18 20:27:23,740 - database - ERROR - Error inserting row: 'float' object has no attribute 'replace'
2024-11-18 20:27:23,740 - database - ERROR - Error inserting row: 'float' object has no attribute 'replace'
2024-11-18 20:27:23,740 - database - ERROR - Error inserting row: 'float' object has no attribute 'replace'
2024-11-18 20:27:23,740 - database - ERROR - Error inserting row: 'float' object has no attribute 'replace'
2024-11-18 20:27:23,741 - database - ERROR - Error inserting row: 'float' object has no attribute 'replace'
2024-11-18 20:27:23,741 - database - ERROR - Error inserting row: 'float' object has no attribute 'replace'
2024-11-18 20:27:23,741 - database - ERROR - Error inserting row: 'float' object has no attribute 'replace'
2024-11-18 20:27:23,741 - database - ERROR - Error inserting row: 'float' object has no attribute 'replace'
2024-11-18 20:27:23,741 - database - ERROR - Error inserting row: 'float' object has no attribute 'replace'
2024-11-18 20:27:23,741 - database - ERROR - Error inserting row: 'float' object has no attribute 'replace'
2024-11-18 20:27:23,741 - database - ERROR - Error inserting row: 'float' object has no attribute 'replace'
2024-11-18 20:27:23,741 - database - ERROR - Error inserting row: 'float' object has no attribute 'replace'
2024-11-18 20:27:23,741 - database - ERROR - Error inserting row: 'float' object has no attribute 'replace'
2024-11-18 20:27:23,741 - database - ERROR - Error inserting row: 'float' object has no attribute 'replace'
2024-11-18 20:27:23,741 - database - ERROR - Error inserting row: 'float' object has no attribute 'replace'
2024-11-18 20:27:23,741 - database - ERROR - Error inserting row: 'float' object has no attribute 'replace'
2024-11-18 20:27:23,741 - database - ERROR - Error inserting row: 'float' object has no attribute 'replace'
2024-11-18 20:27:23,741 - database - ERROR - Error inserting row: 'float' object has no attribute 'replace'
2024-11-18 20:27:23,741 - database - ERROR - Error inserting row: 'float' object has no attribute 'replace'
2024-11-18 20:27:23,741 - database - ERROR - Error inserting row: 'float' object has no attribute 'replace'
2024-11-18 20:27:23,742 - database - ERROR - Error inserting row: 'float' object has no attribute 'replace'
2024-11-18 20:27:23,742 - database - ERROR - Error inserting row: 'float' object has no attribute 'replace'
2024-11-18 20:27:23,742 - database - ERROR - Error inserting row: 'float' object has no attribute 'replace'
2024-11-18 20:27:23,742 - database - ERROR - Error inserting row: 'float' object has no attribute 'replace'
2024-11-18 20:27:23,742 - database - ERROR - Error inserting row: 'float' object has no attribute 'replace'
2024-11-18 20:27:23,742 - database - ERROR - Error inserting row: 'float' object has no attribute 'replace'
2024-11-18 20:27:23,742 - database - ERROR - Error inserting row: 'float' object has no attribute 'replace'
2024-11-18 20:27:23,742 - database - ERROR - Error inserting row: 'float' object has no attribute 'replace'
2024-11-18 20:27:23,742 - database - ERROR - Error inserting row: 'float' object has no attribute 'replace'
2024-11-18 20:27:23,742 - database - ERROR - Error inserting row: 'float' object has no attribute 'replace'
2024-11-18 20:27:23,742 - database - ERROR - Error inserting row: 'float' object has no attribute 'replace'
2024-11-18 20:27:23,742 - database - ERROR - Error inserting row: 'float' object has no attribute 'replace'
2024-11-18 20:27:23,742 - database - ERROR - Error inserting row: 'float' object has no attribute 'replace'
2024-11-18 20:27:23,742 - database - ERROR - Error inserting row: 'float' object has no attribute 'replace'
2024-11-18 20:27:23,742 - database - ERROR - Error inserting row: 'float' object has no attribute 'replace'
2024-11-18 20:27:23,742 - database - ERROR - Error inserting row: 'float' object has no attribute 'replace'
2024-11-18 20:27:23,742 - database - ERROR - Error inserting row: 'float' object has no attribute 'replace'
2024-11-18 20:27:23,743 - database - ERROR - Error inserting row: 'float' object has no attribute 'replace'
2024-11-18 20:27:23,743 - database - ERROR - Error inserting row: 'float' object has no attribute 'replace'
2024-11-18 20:27:23,743 - database - ERROR - Error inserting row: 'float' object has no attribute 'replace'
2024-11-18 20:27:23,743 - database - ERROR - Error inserting row: 'float' object has no attribute 'replace'
2024-11-18 20:27:23,743 - database - ERROR - Error inserting row: 'float' object has no attribute 'replace'
2024-11-18 20:27:23,743 - database - ERROR - Error inserting row: 'float' object has no attribute 'replace'
2024-11-18 20:27:23,743 - database - ERROR - Error inserting row: 'float' object has no attribute 'replace'
2024-11-18 20:27:23,743 - database - ERROR - Error inserting row: 'float' object has no attribute 'replace'
2024-11-18 20:27:23,743 - database - ERROR - Error inserting row: 'float' object has no attribute 'replace'
2024-11-18 20:27:23,743 - database - ERROR - Error inserting row: 'float' object has no attribute 'replace'
2024-11-18 20:27:23,743 - database - ERROR - Error inserting row: 'float' object has no attribute 'replace'
2024-11-18 20:27:23,743 - database - ERROR - Error inserting row: 'float' object has no attribute 'replace'
2024-11-18 20:27:23,743 - database - ERROR - Error inserting row: 'float' object has no attribute 'replace'
2024-11-18 20:27:23,743 - database - ERROR - Error inserting row: 'float' object has no attribute 'replace'
2024-11-18 20:27:23,743 - database - ERROR - Error inserting row: 'float' object has no attribute 'replace'
2024-11-18 20:27:23,743 - database - ERROR - Error inserting row: 'float' object has no attribute 'replace'
2024-11-18 20:27:23,743 - database - ERROR - Error inserting row: 'float' object has no attribute 'replace'
2024-11-18 20:27:23,744 - database - ERROR - Error inserting row: 'float' object has no attribute 'replace'
2024-11-18 20:27:23,744 - database - ERROR - Error inserting row: 'float' object has no attribute 'replace'
2024-11-18 20:27:23,744 - database - ERROR - Error inserting row: 'float' object has no attribute 'replace'
2024-11-18 20:27:23,744 - database - ERROR - Error inserting row: 'float' object has no attribute 'replace'
2024-11-18 20:27:23,744 - database - ERROR - Error inserting row: 'float' object has no attribute 'replace'
2024-11-18 20:27:23,744 - database - ERROR - Error inserting row: 'float' object has no attribute 'replace'
2024-11-18 20:27:23,744 - database - ERROR - Error inserting row: 'float' object has no attribute 'replace'
2024-11-18 20:27:23,744 - database - ERROR - Error inserting row: 'float' object has no attribute 'replace'
2024-11-18 20:27:23,744 - database - ERROR - Error inserting row: 'float' object has no attribute 'replace'
2024-11-18 20:27:23,744 - database - ERROR - Error inserting row: 'float' object has no attribute 'replace'
2024-11-18 20:27:23,744 - database - ERROR - Error inserting row: 'float' object has no attribute 'replace'
2024-11-18 20:27:23,744 - database - ERROR - Error inserting row: 'float' object has no attribute 'replace'
2024-11-18 20:27:23,744 - database - ERROR - Error inserting row: 'float' object has no attribute 'replace'
2024-11-18 20:27:23,744 - database - ERROR - Error inserting row: 'float' object has no attribute 'replace'
2024-11-18 20:27:23,744 - database - ERROR - Error inserting row: 'float' object has no attribute 'replace'
2024-11-18 20:27:23,744 - database - ERROR - Error inserting row: 'float' object has no attribute 'replace'
2024-11-18 20:27:23,744 - database - ERROR - Error inserting row: 'float' object has no attribute 'replace'
2024-11-18 20:27:23,745 - database - ERROR - Error inserting row: 'float' object has no attribute 'replace'
2024-11-18 20:27:23,745 - database - ERROR - Error inserting row: 'float' object has no attribute 'replace'
2024-11-18 20:27:23,745 - database - ERROR - Error inserting row: 'float' object has no attribute 'replace'
2024-11-18 20:27:23,745 - database - ERROR - Error inserting row: 'float' object has no attribute 'replace'
2024-11-18 20:27:23,745 - database - ERROR - Error inserting row: 'float' object has no attribute 'replace'
2024-11-18 20:27:23,745 - database - ERROR - Error inserting row: 'float' object has no attribute 'replace'
2024-11-18 20:27:23,745 - database - ERROR - Error inserting row: 'float' object has no attribute 'replace'
2024-11-18 20:27:23,745 - database - ERROR - Error inserting row: 'float' object has no attribute 'replace'
2024-11-18 20:27:23,745 - database - ERROR - Error inserting row: 'float' object has no attribute 'replace'
2024-11-18 20:27:23,745 - database - ERROR - Error inserting row: 'float' object has no attribute 'replace'
2024-11-18 20:27:23,745 - database - ERROR - Error inserting row: 'float' object has no attribute 'replace'
2024-11-18 20:27:23,745 - database - ERROR - Error inserting row: 'float' object has no attribute 'replace'
2024-11-18 20:27:23,745 - database - ERROR - Error inserting row: 'float' object has no attribute 'replace'
2024-11-18 20:27:23,745 - database - ERROR - Error inserting row: 'float' object has no attribute 'replace'
2024-11-18 20:27:23,745 - database - ERROR - Error inserting row: 'float' object has no attribute 'replace'
2024-11-18 20:27:23,746 - database - ERROR - Error inserting row: 'float' object has no attribute 'replace'
2024-11-18 20:27:23,746 - database - ERROR - Error inserting row: 'float' object has no attribute 'replace'
2024-11-18 20:27:23,746 - database - ERROR - Error inserting row: 'float' object has no attribute 'replace'
2024-11-18 20:27:23,746 - database - ERROR - Error inserting row: 'float' object has no attribute 'replace'
2024-11-18 20:27:23,746 - database - ERROR - Error inserting row: 'float' object has no attribute 'replace'
2024-11-18 20:27:23,746 - database - ERROR - Error inserting row: 'float' object has no attribute 'replace'
2024-11-18 20:27:23,746 - database - ERROR - Error inserting row: 'float' object has no attribute 'replace'
2024-11-18 20:27:23,746 - database - ERROR - Error inserting row: 'float' object has no attribute 'replace'
2024-11-18 20:27:23,746 - database - ERROR - Error inserting row: 'float' object has no attribute 'replace'
2024-11-18 20:27:23,746 - database - ERROR - Error inserting row: 'float' object has no attribute 'replace'
2024-11-18 20:27:23,746 - database - ERROR - Error inserting row: 'float' object has no attribute 'replace'
2024-11-18 20:27:23,746 - database - ERROR - Error inserting row: 'float' object has no attribute 'replace'
2024-11-18 20:27:23,746 - database - ERROR - Error inserting row: 'float' object has no attribute 'replace'
2024-11-18 20:27:23,746 - database - ERROR - Error inserting row: 'float' object has no attribute 'replace'
2024-11-18 20:27:23,746 - database - ERROR - Error inserting row: 'float' object has no attribute 'replace'
2024-11-18 20:27:23,747 - database - ERROR - Error inserting row: 'float' object has no attribute 'replace'
2024-11-18 20:27:23,747 - database - ERROR - Error inserting row: 'float' object has no attribute 'replace'
2024-11-18 20:27:23,747 - database - ERROR - Error inserting row: 'float' object has no attribute 'replace'
2024-11-18 20:27:23,747 - database - ERROR - Error inserting row: 'float' object has no attribute 'replace'
2024-11-18 20:27:23,747 - database - ERROR - Error inserting row: 'float' object has no attribute 'replace'
2024-11-18 20:27:23,747 - database - ERROR - Error inserting row: 'float' object has no attribute 'replace'
2024-11-18 20:27:23,747 - database - ERROR - Error inserting row: 'float' object has no attribute 'replace'
2024-11-18 20:27:23,747 - database - ERROR - Error inserting row: 'float' object has no attribute 'replace'
2024-11-18 20:27:23,747 - database - ERROR - Error inserting row: 'float' object has no attribute 'replace'
2024-11-18 20:27:23,747 - database - ERROR - Error inserting row: 'float' object has no attribute 'replace'
2024-11-18 20:27:23,747 - database - ERROR - Error inserting row: 'float' object has no attribute 'replace'
2024-11-18 20:27:23,747 - database - ERROR - Error inserting row: 'float' object has no attribute 'replace'
2024-11-18 20:27:23,747 - database - ERROR - Error inserting row: 'float' object has no attribute 'replace'
2024-11-18 20:27:24,136 - database - INFO - Committed batch of 200 records
2024-11-18 20:27:24,188 - database - INFO - Committed batch of 400 records
2024-11-18 20:27:24,246 - database - INFO - Committed batch of 600 records
2024-11-18 20:27:24,300 - database - INFO - Committed batch of 800 records
2024-11-18 20:27:24,356 - database - INFO - Committed batch of 1000 records
2024-11-18 20:27:24,414 - database - INFO - Committed batch of 1200 records
2024-11-18 20:27:24,471 - database - INFO - Committed batch of 1400 records
2024-11-18 20:27:24,533 - database - INFO - Committed batch of 1600 records
2024-11-18 20:27:24,589 - database - INFO - Committed batch of 1800 records
2024-11-18 20:27:24,643 - database - INFO - Committed batch of 2000 records
2024-11-18 20:27:24,701 - database - INFO - Committed batch of 2200 records
2024-11-18 20:27:24,756 - database - INFO - Committed batch of 2400 records
2024-11-18 20:27:24,808 - database - INFO - Committed batch of 2600 records
2024-11-18 20:27:24,862 - database - INFO - Committed batch of 2800 records
2024-11-18 20:27:24,889 - database - INFO - Successfully inserted 2896 records into database
2024-11-18 20:27:24,889 - database - WARNING - Failed to insert 5304 records
2024-11-18 20:27:24,890 - main - INFO - File processing completed successfully
